Removed Pin From Net: NetName=GND Pin=U1-1
Removed Pin From Net: NetName=WIFI_ANT Pin=U1-2
Removed Pin From Net: NetName=WIFI_ANT Pin=U1-2
Removed Pin From Net: NetName=WIFI_ANT Pin=U1-2
Removed Pin From Net: NetName=WIFI_ANT Pin=U1-2
Removed Pin From Net: NetName=GND Pin=U3-1
Removed Pin From Net: NetName=LORA_ANT Pin=U3-2
Removed Pin From Net: NetName=LORA_ANT Pin=U3-2
Removed Pin From Net: NetName=LORA_ANT Pin=U3-2
Removed Pin From Net: NetName=LORA_ANT Pin=U3-2
Removed Pin From Net: NetName=GND Pin=U4-1
Removed Pin From Net: NetName=4G_ANT Pin=U4-2
Removed Pin From Net: NetName=4G_ANT Pin=U4-2
Removed Pin From Net: NetName=4G_ANT Pin=U4-2
Removed Pin From Net: NetName=4G_ANT Pin=U4-2
Removed Pin From Net: NetName=GND Pin=U5-1
Removed Pin From Net: NetName=ZIGBEE_ANT Pin=U5-2
Removed Pin From Net: NetName=ZIGBEE_ANT Pin=U5-2
Removed Pin From Net: NetName=ZIGBEE_ANT Pin=U5-2
Removed Pin From Net: NetName=ZIGBEE_ANT Pin=U5-2
Removed Pin From Net: NetName=GND Pin=U6-1
Removed Pin From Net: NetName=433_ANT Pin=U6-2
Removed Pin From Net: NetName=433_ANT Pin=U6-2
Removed Pin From Net: NetName=433_ANT Pin=U6-2
Removed Pin From Net: NetName=433_ANT Pin=U6-2
Removed Pin From Net: NetName=GND Pin=U7-1
Removed Pin From Net: NetName=GPS_ANT Pin=U7-2
Removed Pin From Net: NetName=GPS_ANT Pin=U7-2
Removed Pin From Net: NetName=GPS_ANT Pin=U7-2
Removed Pin From Net: NetName=GPS_ANT Pin=U7-2
Change Component Footprint: Designator=U1 Old Footprint= New Footprint=SMA
Change Component Footprint: Designator=U3 Old Footprint= New Footprint=SMA
Change Component Footprint: Designator=U4 Old Footprint= New Footprint=SMA
Change Component Footprint: Designator=U5 Old Footprint= New Footprint=SMA
Change Component Footprint: Designator=U6 Old Footprint= New Footprint=SMA
Change Component Footprint: Designator=U7 Old Footprint= New Footprint=SMA
Added Pin To Net: NetName=WIFI_ANT Pin=U1-1
Added Pin To Net: NetName=GND Pin=U1-2
Added Pin To Net: NetName=GND Pin=U1-2
Added Pin To Net: NetName=GND Pin=U1-2
Added Pin To Net: NetName=GND Pin=U1-2
Added Pin To Net: NetName=LORA_ANT Pin=U3-1
Added Pin To Net: NetName=GND Pin=U3-2
Added Pin To Net: NetName=GND Pin=U3-2
Added Pin To Net: NetName=GND Pin=U3-2
Added Pin To Net: NetName=GND Pin=U3-2
Added Pin To Net: NetName=4G_ANT Pin=U4-1
Added Pin To Net: NetName=GND Pin=U4-2
Added Pin To Net: NetName=GND Pin=U4-2
Added Pin To Net: NetName=GND Pin=U4-2
Added Pin To Net: NetName=GND Pin=U4-2
Added Pin To Net: NetName=ZIGBEE_ANT Pin=U5-1
Added Pin To Net: NetName=GND Pin=U5-2
Added Pin To Net: NetName=GND Pin=U5-2
Added Pin To Net: NetName=GND Pin=U5-2
Added Pin To Net: NetName=GND Pin=U5-2
Added Pin To Net: NetName=433_ANT Pin=U6-1
Added Pin To Net: NetName=GND Pin=U6-2
Added Pin To Net: NetName=GND Pin=U6-2
Added Pin To Net: NetName=GND Pin=U6-2
Added Pin To Net: NetName=GND Pin=U6-2
Added Pin To Net: NetName=GPS_ANT Pin=U7-1
Added Pin To Net: NetName=GND Pin=U7-2
Added Pin To Net: NetName=GND Pin=U7-2
Added Pin To Net: NetName=GND Pin=U7-2
Added Pin To Net: NetName=GND Pin=U7-2
